{"numTotalTestSuites":11,"numPassedTestSuites":11,"numFailedTestSuites":0,"numPendingTestSuites":0,"numTotalTests":37,"numPassedTests":37,"numFailedTests":0,"numPendingTests":0,"numTodoTests":0,"snapshot":{"added":0,"failure":false,"filesAdded":0,"filesRemoved":0,"filesRemovedList":[],"filesUnmatched":0,"filesUpdated":0,"matched":0,"total":0,"unchecked":0,"uncheckedKeysByFile":[],"unmatched":0,"updated":0,"didUpdate":false},"startTime":1772361234201,"success":true,"testResults":[{"assertionResults":[{"ancestorTitles":["contact route integration"],"fullName":"contact route integration [API Test] [Contract Test] [Smoke Test] [Functional Test] [System Test] [Sanity Test] accepts a valid request and returns success","status":"passed","title":"[API Test] [Contract Test] [Smoke Test] [Functional Test] [System Test] [Sanity Test] accepts a valid request and returns success","duration":14.883600000000001,"failureMessages":[],"meta":{}},{"ancestorTitles":["contact route integration"],"fullName":"contact route integration [CSRF Test] blocks cross-origin origin header","status":"passed","title":"[CSRF Test] blocks cross-origin origin header","duration":1.1071999999999207,"failureMessages":[],"meta":{}},{"ancestorTitles":["contact route integration"],"fullName":"contact route integration [Configuration Test] [Environment Variable Test] fails if SMTP env vars are missing","status":"passed","title":"[Configuration Test] [Environment Variable Test] fails if SMTP env vars are missing","duration":1.8351000000000113,"failureMessages":[],"meta":{}},{"ancestorTitles":["contact route integration"],"fullName":"contact route integration [Security Test] [Input Validation Test] [Injection Test] [XSS Test] rejects malformed schema payload","status":"passed","title":"[Security Test] [Input Validation Test] [Injection Test] [XSS Test] rejects malformed schema payload","duration":3.56880000000001,"failureMessages":[],"meta":{}},{"ancestorTitles":["contact route integration"],"fullName":"contact route integration [Rate Limit Test] [Abuse Test] [Bot Resistance Test] blocks request flood from same IP","status":"passed","title":"[Rate Limit Test] [Abuse Test] [Bot Resistance Test] blocks request flood from same IP","duration":5.412500000000023,"failureMessages":[],"meta":{}},{"ancestorTitles":["contact route integration"],"fullName":"contact route integration [Concurrency Test] keeps rate limiter consistent under concurrent burst","status":"passed","title":"[Concurrency Test] keeps rate limiter consistent under concurrent burst","duration":4.693400000000111,"failureMessages":[],"meta":{}},{"ancestorTitles":["contact route integration"],"fullName":"contact route integration [Data Integrity Test] [Data Consistency Test] [Idempotency Test] returns stable success response for repeated valid requests","status":"passed","title":"[Data Integrity Test] [Data Consistency Test] [Idempotency Test] returns stable success response for repeated valid requests","duration":2.3842999999999392,"failureMessages":[],"meta":{}},{"ancestorTitles":["contact route integration"],"fullName":"contact route integration [Authentication Test] rejects request when captcha verification fails","status":"passed","title":"[Authentication Test] rejects request when captcha verification fails","duration":0.9851000000001022,"failureMessages":[],"meta":{}},{"ancestorTitles":["contact route integration"],"fullName":"contact route integration [Authorization Test] [Session Management Test] returns explicit failure for unauthenticated capability use","status":"passed","title":"[Authorization Test] [Session Management Test] returns explicit failure for unauthenticated capability use","duration":4.587300000000141,"failureMessages":[],"meta":{}},{"ancestorTitles":["contact route integration"],"fullName":"contact route integration [Regression Test] sanitizes CRLF in outbound reply headers","status":"passed","title":"[Regression Test] sanitizes CRLF in outbound reply headers","duration":1.4249999999999545,"failureMessages":[],"meta":{}},{"ancestorTitles":["contact route integration"],"fullName":"contact route integration [Integration Test] [API Test] OPTIONS returns CORS response for same origin","status":"passed","title":"[Integration Test] [API Test] OPTIONS returns CORS response for same origin","duration":0.539600000000064,"failureMessages":[],"meta":{}}],"startTime":1772361235291,"endTime":1772361235333.5396,"status":"passed","message":"","name":"C:/Users/LENOVO/Desktop/portfolio/qa/tests/integration/contact-route.test.ts"},{"assertionResults":[{"ancestorTitles":["contact route performance and resilience"],"fullName":"contact route performance and resilience [Performance Test] [Latency Test] [Non-Functional Test] single request responds within acceptable local latency","status":"passed","title":"[Performance Test] [Latency Test] [Non-Functional Test] single request responds within acceptable local latency","duration":12.789999999999964,"failureMessages":[],"meta":{}},{"ancestorTitles":["contact route performance and resilience"],"fullName":"contact route performance and resilience [Load Test] [Throughput Test] handles sustained valid traffic across unique IPs","status":"passed","title":"[Load Test] [Throughput Test] handles sustained valid traffic across unique IPs","duration":14.433100000000081,"failureMessages":[],"meta":{}},{"ancestorTitles":["contact route performance and resilience"],"fullName":"contact route performance and resilience [Stress Test] [Spike Test] enforces rate limiting under sudden flood from one IP","status":"passed","title":"[Stress Test] [Spike Test] enforces rate limiting under sudden flood from one IP","duration":4.091099999999869,"failureMessages":[],"meta":{}},{"ancestorTitles":["contact route performance and resilience"],"fullName":"contact route performance and resilience [Soak Test] [Volume Test] [Scalability Test] remains stable over repeated batches","status":"passed","title":"[Soak Test] [Volume Test] [Scalability Test] remains stable over repeated batches","duration":9.47400000000016,"failureMessages":[],"meta":{}},{"ancestorTitles":["contact route performance and resilience"],"fullName":"contact route performance and resilience [Failover Test] [Resilience Test] [Recovery Test] degrades safely when captcha service fails","status":"passed","title":"[Failover Test] [Resilience Test] [Recovery Test] degrades safely when captcha service fails","duration":1.8740000000000236,"failureMessages":[],"meta":{}}],"startTime":1772361235291,"endTime":1772361235333.874,"status":"passed","message":"","name":"C:/Users/LENOVO/Desktop/portfolio/qa/tests/performance/contact-route-performance.test.ts"},{"assertionResults":[{"ancestorTitles":["remaining test category coverage"],"fullName":"remaining test category coverage [Component Test] core component modules exist and are importable","status":"passed","title":"[Component Test] core component modules exist and are importable","duration":1109.2154,"failureMessages":[],"meta":{}},{"ancestorTitles":["remaining test category coverage"],"fullName":"remaining test category coverage [End-to-End (E2E) Test] [Acceptance Test] [User Acceptance Test (UAT)] simulates visitor contact journey end-to-end","status":"passed","title":"[End-to-End (E2E) Test] [Acceptance Test] [User Acceptance Test (UAT)] simulates visitor contact journey end-to-end","duration":15.566499999999905,"failureMessages":[],"meta":{}},{"ancestorTitles":["remaining test category coverage"],"fullName":"remaining test category coverage [Exploratory Test] [Usability Test] [Accessibility Test] verifies form labels, semantic structure, and keyboard-friendly attributes","status":"passed","title":"[Exploratory Test] [Usability Test] [Accessibility Test] verifies form labels, semantic structure, and keyboard-friendly attributes","duration":2.040299999999661,"failureMessages":[],"meta":{}},{"ancestorTitles":["remaining test category coverage"],"fullName":"remaining test category coverage [Cross-Browser Test] [Responsive Test] [Compatibility Test] verifies responsive utility usage and standards-based APIs","status":"passed","title":"[Cross-Browser Test] [Responsive Test] [Compatibility Test] verifies responsive utility usage and standards-based APIs","duration":1.3766999999998006,"failureMessages":[],"meta":{}},{"ancestorTitles":["remaining test category coverage"],"fullName":"remaining test category coverage [Penetration Test] [Dynamic Application Security Test (DAST)] [Interactive Application Security Test (IAST)] [Fuzz Test] resists hostile payload fuzzing without server errors","status":"passed","title":"[Penetration Test] [Dynamic Application Security Test (DAST)] [Interactive Application Security Test (IAST)] [Fuzz Test] resists hostile payload fuzzing without server errors","duration":11.930599999999686,"failureMessages":[],"meta":{}},{"ancestorTitles":["remaining test category coverage"],"fullName":"remaining test category coverage [CSP Test] validates CSP and security headers are configured","status":"passed","title":"[CSP Test] validates CSP and security headers are configured","duration":9.057999999999993,"failureMessages":[],"meta":{}},{"ancestorTitles":["remaining test category coverage"],"fullName":"remaining test category coverage [Queue Reliability Test] preserves order and avoids message loss in queue processing model","status":"passed","title":"[Queue Reliability Test] preserves order and avoids message loss in queue processing model","duration":1.0925999999999476,"failureMessages":[],"meta":{}},{"ancestorTitles":["remaining test category coverage"],"fullName":"remaining test category coverage [Circuit Breaker Test] opens circuit after consecutive failures and recovers after cooldown","status":"passed","title":"[Circuit Breaker Test] opens circuit after consecutive failures and recovers after cooldown","duration":0.47959999999966385,"failureMessages":[],"meta":{}},{"ancestorTitles":["remaining test category coverage"],"fullName":"remaining test category coverage [Timeout Handling Test] [Retry Logic Test] retries transient timeout and succeeds","status":"passed","title":"[Timeout Handling Test] [Retry Logic Test] retries transient timeout and succeeds","duration":2.745800000000145,"failureMessages":[],"meta":{}},{"ancestorTitles":["remaining test category coverage"],"fullName":"remaining test category coverage [Backpressure Test] throttles producer when in-flight workload exceeds limit","status":"passed","title":"[Backpressure Test] throttles producer when in-flight workload exceeds limit","duration":7.8487999999997555,"failureMessages":[],"meta":{}},{"ancestorTitles":["remaining test category coverage"],"fullName":"remaining test category coverage [Monitoring Validation Test] [Logging Validation Test] [Alerting Test] validates report telemetry and alert threshold detection","status":"passed","title":"[Monitoring Validation Test] [Logging Validation Test] [Alerting Test] validates report telemetry and alert threshold detection","duration":1.0730000000003201,"failureMessages":[],"meta":{}},{"ancestorTitles":["remaining test category coverage"],"fullName":"remaining test category coverage [Chaos Test] degrades safely when downstream services are randomly failing","status":"passed","title":"[Chaos Test] degrades safely when downstream services are randomly failing","duration":9.496500000000196,"failureMessages":[],"meta":{}}],"startTime":1772361235291,"endTime":1772361236463.4966,"status":"passed","message":"","name":"C:/Users/LENOVO/Desktop/portfolio/qa/tests/remaining/remaining-categories.test.ts"},{"assertionResults":[{"ancestorTitles":["contactSchema"],"fullName":"contactSchema accepts a valid payload","status":"passed","title":"accepts a valid payload","duration":5.5154,"failureMessages":[],"meta":{}},{"ancestorTitles":["contactSchema"],"fullName":"contactSchema rejects unknown fields due to strict mode","status":"passed","title":"rejects unknown fields due to strict mode","duration":1.5774999999999864,"failureMessages":[],"meta":{}},{"ancestorTitles":["contactSchema"],"fullName":"contactSchema rejects oversized fields","status":"passed","title":"rejects oversized fields","duration":0.7262999999999806,"failureMessages":[],"meta":{}},{"ancestorTitles":["contactSchema"],"fullName":"contactSchema rejects invalid email and missing captcha","status":"passed","title":"rejects invalid email and missing captcha","duration":0.39339999999998554,"failureMessages":[],"meta":{}}],"startTime":1772361235878,"endTime":1772361235886.3933,"status":"passed","message":"","name":"C:/Users/LENOVO/Desktop/portfolio/qa/tests/unit/contact-schema.test.ts"},{"assertionResults":[{"ancestorTitles":["stripCrLf"],"fullName":"stripCrLf removes carriage return and line feed characters","status":"passed","title":"removes carriage return and line feed characters","duration":2.5190999999999804,"failureMessages":[],"meta":{}},{"ancestorTitles":["stripCrLf"],"fullName":"stripCrLf trims surrounding whitespace","status":"passed","title":"trims surrounding whitespace","duration":0.491800000000012,"failureMessages":[],"meta":{}},{"ancestorTitles":["isSafeExternalUrl"],"fullName":"isSafeExternalUrl accepts https URLs","status":"passed","title":"accepts https URLs","duration":0.3528999999999769,"failureMessages":[],"meta":{}},{"ancestorTitles":["isSafeExternalUrl"],"fullName":"isSafeExternalUrl rejects non-https protocols","status":"passed","title":"rejects non-https protocols","duration":0.36159999999995307,"failureMessages":[],"meta":{}},{"ancestorTitles":["isSafeExternalUrl"],"fullName":"isSafeExternalUrl rejects invalid URLs","status":"passed","title":"rejects invalid URLs","duration":0.27780000000001337,"failureMessages":[],"meta":{}}],"startTime":1772361235853,"endTime":1772361235857.3616,"status":"passed","message":"","name":"C:/Users/LENOVO/Desktop/portfolio/qa/tests/unit/security.test.ts"}]}